Determining if the pthread_create exist failed with the following output:
Change Dir: /home/cyber-physical/catkin_ws/src/f1tenth/build/CMakeFiles/CMakeTmp

Run Build Command:"/usr/bin/make" "cmTC_196a4/fast"
/usr/bin/make -f CMakeFiles/cmTC_196a4.dir/build.make CMakeFiles/cmTC_196a4.dir/build
make[1]: Entering directory '/home/cyber-physical/catkin_ws/src/f1tenth/build/CMakeFiles/CMakeTmp'
Building C object CMakeFiles/cmTC_196a4.dir/CheckSymbolExists.c.o
/usr/bin/cc     -o CMakeFiles/cmTC_196a4.dir/CheckSymbolExists.c.o   -c /home/cyber-physical/catkin_ws/src/f1tenth/build/CMakeFiles/CMakeTmp/CheckSymbolExists.c
Linking C executable cmTC_196a4
/usr/bin/cmake -E cmake_link_script CMakeFiles/cmTC_196a4.dir/link.txt --verbose=1
/usr/bin/cc       CMakeFiles/cmTC_196a4.dir/CheckSymbolExists.c.o  -o cmTC_196a4 -rdynamic 
CMakeFiles/cmTC_196a4.dir/CheckSymbolExists.c.o: In function `main':
CheckSymbolExists.c:(.text+0x16): undefined reference to `pthread_create'
collect2: error: ld returned 1 exit status
CMakeFiles/cmTC_196a4.dir/build.make:97: recipe for target 'cmTC_196a4' failed
make[1]: *** [cmTC_196a4] Error 1
make[1]: Leaving directory '/home/cyber-physical/catkin_ws/src/f1tenth/build/CMakeFiles/CMakeTmp'
Makefile:126: recipe for target 'cmTC_196a4/fast' failed
make: *** [cmTC_196a4/fast] Error 2

File /home/cyber-physical/catkin_ws/src/f1tenth/build/CMakeFiles/CMakeTmp/CheckSymbolExists.c:
/* */
#include <pthread.h>

int main(int argc, char** argv)
{
  (void)argv;
#ifndef pthread_create
  return ((int*)(&pthread_create))[argc];
#else
  (void)argc;
  return 0;
#endif
}

Determining if the function pthread_create exists in the pthreads failed with the following output:
Change Dir: /home/cyber-physical/catkin_ws/src/f1tenth/build/CMakeFiles/CMakeTmp

Run Build Command:"/usr/bin/make" "cmTC_a844f/fast"
/usr/bin/make -f CMakeFiles/cmTC_a844f.dir/build.make CMakeFiles/cmTC_a844f.dir/build
make[1]: Entering directory '/home/cyber-physical/catkin_ws/src/f1tenth/build/CMakeFiles/CMakeTmp'
Building C object CMakeFiles/cmTC_a844f.dir/CheckFunctionExists.c.o
/usr/bin/cc    -DCHECK_FUNCTION_EXISTS=pthread_create   -o CMakeFiles/cmTC_a844f.dir/CheckFunctionExists.c.o   -c /usr/share/cmake-3.5/Modules/CheckFunctionExists.c
Linking C executable cmTC_a844f
/usr/bin/cmake -E cmake_link_script CMakeFiles/cmTC_a844f.dir/link.txt --verbose=1
/usr/bin/cc   -DCHECK_FUNCTION_EXISTS=pthread_create    CMakeFiles/cmTC_a844f.dir/CheckFunctionExists.c.o  -o cmTC_a844f -rdynamic -lpthreads 
/usr/bin/ld: cannot find -lpthreads
collect2: error: ld returned 1 exit status
CMakeFiles/cmTC_a844f.dir/build.make:97: recipe for target 'cmTC_a844f' failed
make[1]: *** [cmTC_a844f] Error 1
make[1]: Leaving directory '/home/cyber-physical/catkin_ws/src/f1tenth/build/CMakeFiles/CMakeTmp'
Makefile:126: recipe for target 'cmTC_a844f/fast' failed
make: *** [cmTC_a844f/fast] Error 2


